<?xml version="1.0" encoding="UTF-8"?>
<testsuite xmlns:xsi="http://www.w3.org/2001/XMLSchema-instance" xsi:noNamespaceSchemaLocation="https://maven.apache.org/surefire/maven-surefire-plugin/xsd/surefire-test-report-3.0.xsd" version="3.0" name="com.fetchrewards.receiptprocessor.challenge.ReceiptProcessorTests" time="3.137" tests="1" errors="0" skipped="0" failures="0">
  <properties>
[...]
</properties>
  <testcase name="contextLoads" classname="com.fetchrewards.receiptprocessor.challenge.ReceiptProcessorTests" time="0.906">
    <system-out><![CDATA[00:33:37.477 [main] INFO org.springframework.test.context.support.AnnotationConfigContextLoaderUtils -- Could not detect default configuration classes for test class [com.fetchrewards.receiptprocessor.challenge.ReceiptProcessorTests]: ReceiptProcessorTests does not declare any static, non-private, non-final, nested classes annotated with @Configuration.
00:33:37.615 [main] INFO org.springframework.boot.test.context.SpringBootTestContextBootstrapper -- Found @SpringBootConfiguration com.fetchrewards.receiptprocessor.challenge.ReceiptProcessor for test class com.fetchrewards.receiptprocessor.challenge.ReceiptProcessorTests

  .   ____          _            __ _ _
 /\\ / ___'_ __ _ _(_)_ __  __ _ \ \ \ \
( ( )\___ | '_ | '_| | '_ \/ _` | \ \ \ \
 \\/  ___)| |_)| | | | | || (_| |  ) ) ) )
  '  |____| .__|_| |_|_| |_\__, | / / / /
 =========|_|==============|___/=/_/_/_/

 :: Spring Boot ::                (v3.3.1)

2024-08-06T00:33:38.117+04:00  INFO 11632 --- [challenge] [           main] c.f.r.challenge.ReceiptProcessorTests    : Starting ReceiptProcessorTests using Java 17.0.1 with PID 11632 (started by armaandhingra in /Users/armaandhingra/Documents/receipt-processor-challenge)
2024-08-06T00:33:38.119+04:00  INFO 11632 --- [challenge] [           main] c.f.r.challenge.ReceiptProcessorTests    : No active profile set, falling back to 1 default profile: "default"
2024-08-06T00:33:39.447+04:00  INFO 11632 --- [challenge] [           main] c.f.r.challenge.ReceiptProcessorTests    : Started ReceiptProcessorTests in 1.639 seconds (process running for 2.811)
]]></system-out>
  </testcase>
</testsuite>